<?xml version="1.0" encoding="UTF-8"?>
<!-- Generated by org.testng.reporters.JUnitXMLReporter -->
<testsuite hostname="RIPLBRD48" ignored="0" name="Test" tests="8" failures="0" timestamp="19 Apr 2019 05:24:08 GMT" time="218.638" errors="0">
  <testcase name="@AfterMethod afterMethod" time="0.0" classname="TSC.TSC_Framework_TestBase.TestBase">
    <failure type="org.openqa.selenium.SessionNotCreatedException" message="Tried to run command without establishing a connection
Build info: version: &amp;apos;3.11.0&amp;apos;, revision: &amp;apos;e59cfb3&amp;apos;, time: &amp;apos;2018-03-11T20:26:55.152Z&amp;apos;
System info: host: &amp;apos;RIPLBRD48&amp;apos;, ip: &amp;apos;192.168.56.1&amp;apos;, os.name: &amp;apos;Windows 7&amp;apos;, os.arch: &amp;apos;amd64&amp;apos;, os.version: &amp;apos;6.1&amp;apos;, java.version: &amp;apos;1.8.0_25&amp;apos;
Driver info: org.openqa.selenium.firefox.FirefoxDriver
Capabilities {acceptInsecureCerts: true, browserName: firefox, browserVersion: 55.0, javascriptEnabled: true, moz:accessibilityChecks: false, moz:processID: 6684, moz:profile: C:\Users\SHAHIN~1\AppData\L..., pageLoadStrategy: normal, platform: XP, platformName: XP, platformVersion: 6.1, rotatable: false, specificationLevel: 0, timeouts: {implicit: 0, pageLoad: 300000, script: 30000}}
Session ID: 03c6fb22-7d68-498a-b727-f4f6c94755e2">
      <![CDATA[org.openqa.selenium.SessionNotCreatedException: Tried to run command without establishing a connection
Build info: version: '3.11.0', revision: 'e59cfb3', time: '2018-03-11T20:26:55.152Z'
System info: host: 'RIPLBRD48', ip: '192.168.56.1', os.name: 'Windows 7', os.arch: 'amd64', os.version: '6.1', java.version: '1.8.0_25'
Driver info: org.openqa.selenium.firefox.FirefoxDriver
Capabilities {acceptInsecureCerts: true, browserName: firefox, browserVersion: 55.0, javascriptEnabled: true, moz:accessibilityChecks: false, moz:processID: 6684, moz:profile: C:\Users\SHAHIN~1\AppData\L..., pageLoadStrategy: normal, platform: XP, platformName: XP, platformVersion: 6.1, rotatable: false, specificationLevel: 0, timeouts: {implicit: 0, pageLoad: 300000, script: 30000}}
Session ID: 03c6fb22-7d68-498a-b727-f4f6c94755e2
	at org.openqa.selenium.remote.http.W3CHttpResponseCodec.createException(W3CHttpResponseCodec.java:187)
	at org.openqa.selenium.remote.http.W3CHttpResponseCodec.decode(W3CHttpResponseCodec.java:122)
	at org.openqa.selenium.remote.http.W3CHttpResponseCodec.decode(W3CHttpResponseCodec.java:49)
	at org.openqa.selenium.remote.HttpCommandExecutor.execute(HttpCommandExecutor.java:158)
	at org.openqa.selenium.remote.service.DriverCommandExecutor.execute(DriverCommandExecutor.java:83)
	at org.openqa.selenium.remote.RemoteWebDriver.execute(RemoteWebDriver.java:545)
	at org.openqa.selenium.remote.RemoteWebDriver.execute(RemoteWebDriver.java:602)
	at org.openqa.selenium.remote.RemoteWebDriver.getScreenshotAs(RemoteWebDriver.java:291)
	at TSC.TSC_Framework_TestBase.TestBase.getScreenShot(TestBase.java:122)
	at TSC.TSC_Framework_TestBase.TestBase.getresult(TestBase.java:172)
	at TSC.TSC_Framework_TestBase.TestBase.afterMethod(TestBase.java:196)
... Removed 31 stack frames]]>
    </failure>
  </testcase> <!-- @AfterMethod afterMethod -->
  <testcase name="ServiceProviderMyClientsAddMyClient" time="6.261" classname="TSC_Framework_AllTestCase.ServiceProvider_Testcase"/>
  <testcase name="DashboardAndSearchJobSeeker" time="22.5" classname="TSC_Framework_AllTestCase.ServiceProvider_Testcase"/>
  <testcase name="ManageBranches" time="15.28" classname="TSC_Framework_AllTestCase.ServiceProvider_Testcase"/>
  <testcase name="ServiceProviderManageEmployees" time="17.145" classname="TSC_Framework_AllTestCase.ServiceProvider_Testcase"/>
  <testcase name="ServiceProviderMyInvitee" time="15.386" classname="TSC_Framework_AllTestCase.ServiceProvider_Testcase"/>
  <testcase name="ServiceProviderOtherSearch" time="19.92" classname="TSC_Framework_AllTestCase.ServiceProvider_Testcase"/>
  <testcase name="ServiceProviderProfileUpdate" time="10.817" classname="TSC_Framework_AllTestCase.ServiceProvider_Testcase"/>
  <testcase name="Logout" time="21.181" classname="TSC_Framework_AllTestCase.ServiceProvider_Testcase"/>
</testsuite> <!-- Test -->
