<?xml version="1.0" encoding="UTF-8"?>
<!-- Generated by org.testng.reporters.JUnitXMLReporter -->
<testsuite hostname="RIPLBRD48" ignored="0" name="Test" tests="6" failures="1" timestamp="05 Apr 2019 09:22:14 GMT" time="148.716" errors="0">
  <testcase name="university_jobSearch" time="13.99" classname="TSC_Framework_AllTestCase.University_TestCase"/>
  <testcase name="university_OtherSearch" time="10.185" classname="TSC_Framework_AllTestCase.University_TestCase"/>
  <testcase name="ManageBranches" time="12.595" classname="TSC_Framework_AllTestCase.University_TestCase"/>
  <testcase name="ManageEmployee" time="7.325" classname="TSC_Framework_AllTestCase.University_TestCase"/>
  <testcase name="universityAddMyStudnt" time="7.899" classname="TSC_Framework_AllTestCase.University_TestCase"/>
  <testcase name="Logout" time="8.379" classname="TSC_Framework_AllTestCase.University_TestCase">
    <failure type="org.openqa.selenium.ElementNotInteractableException" message="
Build info: version: &amp;apos;3.11.0&amp;apos;, revision: &amp;apos;e59cfb3&amp;apos;, time: &amp;apos;2018-03-11T20:26:55.152Z&amp;apos;
System info: host: &amp;apos;RIPLBRD48&amp;apos;, ip: &amp;apos;192.168.56.1&amp;apos;, os.name: &amp;apos;Windows 7&amp;apos;, os.arch: &amp;apos;amd64&amp;apos;, os.version: &amp;apos;6.1&amp;apos;, java.version: &amp;apos;1.8.0_25&amp;apos;
Driver info: org.openqa.selenium.firefox.FirefoxDriver
Capabilities {acceptInsecureCerts: true, browserName: firefox, browserVersion: 55.0, javascriptEnabled: true, moz:accessibilityChecks: false, moz:processID: 4992, moz:profile: C:\Users\SHAHIN~1\AppData\L..., pageLoadStrategy: normal, platform: XP, platformName: XP, platformVersion: 6.1, rotatable: false, specificationLevel: 0, timeouts: {implicit: 0, pageLoad: 300000, script: 30000}}
Session ID: c1729d05-dd8a-4d49-9c7a-aaf1d0fcd562">
      <![CDATA[org.openqa.selenium.ElementNotInteractableException: 
Build info: version: '3.11.0', revision: 'e59cfb3', time: '2018-03-11T20:26:55.152Z'
System info: host: 'RIPLBRD48', ip: '192.168.56.1', os.name: 'Windows 7', os.arch: 'amd64', os.version: '6.1', java.version: '1.8.0_25'
Driver info: org.openqa.selenium.firefox.FirefoxDriver
Capabilities {acceptInsecureCerts: true, browserName: firefox, browserVersion: 55.0, javascriptEnabled: true, moz:accessibilityChecks: false, moz:processID: 4992, moz:profile: C:\Users\SHAHIN~1\AppData\L..., pageLoadStrategy: normal, platform: XP, platformName: XP, platformVersion: 6.1, rotatable: false, specificationLevel: 0, timeouts: {implicit: 0, pageLoad: 300000, script: 30000}}
Session ID: c1729d05-dd8a-4d49-9c7a-aaf1d0fcd562
	at org.openqa.selenium.remote.http.W3CHttpResponseCodec.createException(W3CHttpResponseCodec.java:187)
	at org.openqa.selenium.remote.http.W3CHttpResponseCodec.decode(W3CHttpResponseCodec.java:122)
	at org.openqa.selenium.remote.http.W3CHttpResponseCodec.decode(W3CHttpResponseCodec.java:49)
	at org.openqa.selenium.remote.HttpCommandExecutor.execute(HttpCommandExecutor.java:158)
	at org.openqa.selenium.remote.service.DriverCommandExecutor.execute(DriverCommandExecutor.java:83)
	at org.openqa.selenium.remote.RemoteWebDriver.execute(RemoteWebDriver.java:545)
	at org.openqa.selenium.remote.RemoteWebElement.execute(RemoteWebElement.java:279)
	at org.openqa.selenium.remote.RemoteWebElement.click(RemoteWebElement.java:83)
	at TSC_Framework_AllTestCase.University_TestCase.Logout(University_TestCase.java:143)
... Removed 30 stack frames]]>
    </failure>
  </testcase> <!-- Logout -->
</testsuite> <!-- Test -->
